Using pre-set license
Built from '2022.3/staging' branch; Version is '2022.3.24f1 (334eb2a0b267) revision 3362482'; Using compiler version '192829333'; Build Type 'Release'
OS: 'Windows 10  (10.0.19045) 64bit Enterprise' Language: 'en' Physical Memory: 16318 MB
BatchMode: 1, IsHumanControllingUs: 0, StartBugReporterOnCrash: 0, Is64bit: 1, IsPro: 1

COMMAND LINE ARGUMENTS:
D:\Unity\2022.3.24f1\Editor\Unity.exe
-adb2
-batchMode
-noUpm
-name
AssetImportWorker0
-projectPath
D:/Unity/Unity projects/PirateGame/Pirate Game
-logFile
Logs/AssetImportWorker0.log
-srvPort
51443
Successfully changed project path to: D:/Unity/Unity projects/PirateGame/Pirate Game
D:/Unity/Unity projects/PirateGame/Pirate Game
[UnityMemory] Configuration Parameters - Can be set up in boot.config
    "memorysetup-bucket-allocator-granularity=16"
    "memorysetup-bucket-allocator-bucket-count=8"
    "memorysetup-bucket-allocator-block-size=33554432"
    "memorysetup-bucket-allocator-block-count=8"
    "memorysetup-main-allocator-block-size=16777216"
    "memorysetup-thread-allocator-block-size=16777216"
    "memorysetup-gfx-main-allocator-block-size=16777216"
    "memorysetup-gfx-thread-allocator-block-size=16777216"
    "memorysetup-cache-allocator-block-size=4194304"
    "memorysetup-typetree-allocator-block-size=2097152"
    "memorysetup-profiler-bucket-allocator-granularity=16"
    "memorysetup-profiler-bucket-allocator-bucket-count=8"
    "memorysetup-profiler-bucket-allocator-block-size=33554432"
    "memorysetup-profiler-bucket-allocator-block-count=8"
    "memorysetup-profiler-allocator-block-size=16777216"
    "memorysetup-profiler-editor-allocator-block-size=1048576"
    "memorysetup-temp-allocator-size-main=16777216"
    "memorysetup-job-temp-allocator-block-size=2097152"
    "memorysetup-job-temp-allocator-block-size-background=1048576"
    "memorysetup-job-temp-allocator-reduction-small-platforms=262144"
    "memorysetup-allocator-temp-initial-block-size-main=262144"
    "memorysetup-allocator-temp-initial-block-size-worker=262144"
    "memorysetup-temp-allocator-size-background-worker=32768"
    "memorysetup-temp-allocator-size-job-worker=262144"
    "memorysetup-temp-allocator-size-preload-manager=33554432"
    "memorysetup-temp-allocator-size-nav-mesh-worker=65536"
    "memorysetup-temp-allocator-size-audio-worker=65536"
    "memorysetup-temp-allocator-size-cloud-worker=32768"
    "memorysetup-temp-allocator-size-gi-baking-worker=262144"
    "memorysetup-temp-allocator-size-gfx=262144"
Player connection [7612] Host "[IP] 192.168.2.11 [Port] 0 [Flags] 2 [Guid] 2579541964 [EditorId] 2579541964 [Version] 1048832 [Id] WindowsEditor(7,DESKTOP-UEP1N3M) [Debug] 1 [PackageName] WindowsEditor [ProjectName] Editor" joined multi-casting on [225.0.0.222:54997]...

Player connection [7612] Host "[IP] 192.168.2.11 [Port] 0 [Flags] 2 [Guid] 2579541964 [EditorId] 2579541964 [Version] 1048832 [Id] WindowsEditor(7,DESKTOP-UEP1N3M) [Debug] 1 [PackageName] WindowsEditor [ProjectName] Editor" joined alternative multi-casting on [225.0.0.222:34997]...

[Physics::Module] Initialized MultithreadedJobDispatcher with 5 workers.
Refreshing native plugins compatible for Editor in 9.46 ms, found 3 plugins.
Preloading 0 native plugins for Editor in 0.00 ms.
Initialize engine version: 2022.3.24f1 (334eb2a0b267)
[Subsystems] Discovering subsystems at path D:/Unity/2022.3.24f1/Editor/Data/Resources/UnitySubsystems
[Subsystems] Discovering subsystems at path D:/Unity/Unity projects/PirateGame/Pirate Game/Assets
GfxDevice: creating device client; threaded=0; jobified=0
Direct3D:
    Version:  Direct3D 11.0 [level 11.1]
    Renderer: NVIDIA GeForce RTX 2060 (ID=0x1f08)
    Vendor:   NVIDIA
    VRAM:     5955 MB
    Driver:   32.0.15.6094
Initialize mono
Mono path[0] = 'D:/Unity/2022.3.24f1/Editor/Data/Managed'
Mono path[1] = 'D:/Unity/2022.3.24f1/Editor/Data/MonoBleedingEdge/lib/mono/unityjit-win32'
Mono config path = 'D:/Unity/2022.3.24f1/Editor/Data/MonoBleedingEdge/etc'
Using monoOptions --debugger-agent=transport=dt_socket,embedding=1,server=y,suspend=n,address=127.0.0.1:56672
Begin MonoManager ReloadAssembly
Registering precompiled unity dll's ...
Register platform support module: D:/Unity/2022.3.24f1/Editor/Data/PlaybackEngines/WindowsStandaloneSupport/UnityEditor.WindowsStandalone.Extensions.dll
Registered in 0.005163 seconds.
- Loaded All Assemblies, in  0.471 seconds
Native extension for WindowsStandalone target not found
Mono: successfully reloaded assembly
- Finished resetting the current domain, in  0.414 seconds
Domain Reload Profiling: 885ms
	BeginReloadAssembly (165ms)
		ExecutionOrderSort (0ms)
		DisableScriptedObjects (0ms)
		BackupInstance (0ms)
		ReleaseScriptingObjects (0ms)
		CreateAndSetChildDomain (2ms)
	RebuildCommonClasses (44ms)
	RebuildNativeTypeToScriptingClass (15ms)
	initialDomainReloadingComplete (67ms)
	LoadAllAssembliesAndSetupDomain (180ms)
		LoadAssemblies (163ms)
		RebuildTransferFunctionScriptingTraits (0ms)
		AnalyzeDomain (178ms)
			TypeCache.Refresh (176ms)
				TypeCache.ScanAssembly (157ms)
			ScanForSourceGeneratedMonoScriptInfo (0ms)
			ResolveRequiredComponents (1ms)
	FinalizeReload (414ms)
		ReleaseScriptCaches (0ms)
		RebuildScriptCaches (0ms)
		SetupLoadedEditorAssemblies (327ms)
			LogAssemblyErrors (0ms)
			InitializePlatformSupportModulesInManaged (12ms)
			SetLoadedEditorAssemblies (10ms)
			RefreshPlugins (0ms)
			BeforeProcessingInitializeOnLoad (4ms)
			ProcessInitializeOnLoadAttributes (218ms)
			ProcessInitializeOnLoadMethodAttributes (82ms)
			AfterProcessingInitializeOnLoad (0ms)
			EditorAssembliesLoaded (0ms)
		ExecutionOrderSort2 (0ms)
		AwakeInstancesAfterBackupRestoration (0ms)
========================================================================
Worker process is ready to serve import requests
Begin MonoManager ReloadAssembly
- Loaded All Assemblies, in  0.871 seconds
Refreshing native plugins compatible for Editor in 2.45 ms, found 3 plugins.
Native extension for WindowsStandalone target not found
Package Manager log level set to [2]
[Package Manager] Server::EnsureServerProcessIsRunning -- launch failed, reason: Unity was launched with the -noUpm command-line argument
[Package Manager] UpmClient::Send -- Unable to send message (not connected to UPM process).
[Package Manager] Cannot connect to Unity Package Manager local server
Mono: successfully reloaded assembly
- Finished resetting the current domain, in  0.695 seconds
Domain Reload Profiling: 1566ms
	BeginReloadAssembly (227ms)
		ExecutionOrderSort (0ms)
		DisableScriptedObjects (8ms)
		BackupInstance (0ms)
		ReleaseScriptingObjects (0ms)
		CreateAndSetChildDomain (36ms)
	RebuildCommonClasses (41ms)
	RebuildNativeTypeToScriptingClass (13ms)
	initialDomainReloadingComplete (98ms)
	LoadAllAssembliesAndSetupDomain (492ms)
		LoadAssemblies (398ms)
		RebuildTransferFunctionScriptingTraits (0ms)
		AnalyzeDomain (221ms)
			TypeCache.Refresh (197ms)
				TypeCache.ScanAssembly (177ms)
			ScanForSourceGeneratedMonoScriptInfo (17ms)
			ResolveRequiredComponents (6ms)
	FinalizeReload (695ms)
		ReleaseScriptCaches (0ms)
		RebuildScriptCaches (0ms)
		SetupLoadedEditorAssemblies (502ms)
			LogAssemblyErrors (0ms)
			InitializePlatformSupportModulesInManaged (5ms)
			SetLoadedEditorAssemblies (5ms)
			RefreshPlugins (0ms)
			BeforeProcessingInitializeOnLoad (65ms)
			ProcessInitializeOnLoadAttributes (395ms)
			ProcessInitializeOnLoadMethodAttributes (27ms)
			AfterProcessingInitializeOnLoad (5ms)
			EditorAssembliesLoaded (0ms)
		ExecutionOrderSort2 (0ms)
		AwakeInstancesAfterBackupRestoration (12ms)
Launched and connected shader compiler UnityShaderCompiler.exe after 0.19 seconds
Refreshing native plugins compatible for Editor in 2.85 ms, found 3 plugins.
Preloading 0 native plugins for Editor in 0.00 ms.
Unloading 3093 Unused Serialized files (Serialized files now loaded: 0)
Unloading 32 unused Assets / (57.0 KB). Loaded Objects now: 3554.
Memory consumption went from 120.9 MB to 120.9 MB.
Total: 2.572500 ms (FindLiveObjects: 0.240300 ms CreateObjectMapping: 0.187900 ms MarkObjects: 2.055000 ms  DeleteObjects: 0.088600 ms)

AssetImportParameters requested are different than current active one (requested -> active):
  custom:container-demuxer-ogg: 62fdf1f143b41e24485cea50d1cbac27 -> 
  custom:video-decoder-ogg-theora: a1e56fd34408186e4bbccfd4996cb3dc -> 
  custom:framework-win-MediaFoundation: 216162199b28c13a410421893ffa2e32 -> 
  custom:CustomObjectIndexerAttribute: 9a22284fe3817be447336de3de66b15e -> 
  custom:container-demuxer-webm: 4f35f7cbe854078d1ac9338744f61a02 -> 
  custom:container-muxer-webm: aa71ff27fc2769a1b78a27578f13a17b -> 
  custom:video-decoder-webm-vp8: 9c59270c3fd7afecdb556c50c9e8de78 -> 
  custom:SearchIndexIgnoredProperties: e643bd26f0fe6173181afceb89e7c659 -> 
  custom:AudioImporter_EditorPlatform: d09bf68614088b80899f8185d706f6e7 -> 
  custom:video-encoder-webm-vp8: eb34c28f22e8b96e1ab97ce403110664 -> 
  custom:audio-decoder-ogg-vorbis: bf7c407c2cedff20999df2af8eb42d56 -> 
  custom:audio-encoder-webm-vorbis: bf7c407c2cedff20999df2af8eb42d56 -> 
========================================================================
Received Import Request.
  Time since last request: 9034.880535 seconds.
  path: Assets/Imports/Models
  artifactKey: Guid(ef7641eac40aed345bb0e09f81648f45) Importer(815301076,1909f56bfc062723c751e8b465ee728b)
Start importing Assets/Imports/Models using Guid(ef7641eac40aed345bb0e09f81648f45) Importer(815301076,1909f56bfc062723c751e8b465ee728b)  -> (artifact id: '55596967fdacebd9a99c8d8e41a949b8') in 0.002203 seconds
Number of updated asset objects reloaded before import = 0
Number of asset objects unloaded after import = 0
========================================================================
Received Import Request.
  Time since last request: 4.989470 seconds.
  path: Assets/Imports/Pirate Models
  artifactKey: Guid(ef7641eac40aed345bb0e09f81648f45) Importer(815301076,1909f56bfc062723c751e8b465ee728b)
Start importing Assets/Imports/Pirate Models using Guid(ef7641eac40aed345bb0e09f81648f45) Importer(815301076,1909f56bfc062723c751e8b465ee728b)  -> (artifact id: '670b0de5da836aeb5364e41ed5ec9a2b') in 0.000410 seconds
Number of updated asset objects reloaded before import = 0
Number of asset objects unloaded after import = 0
========================================================================
Received Import Request.
  Time since last request: 10.429894 seconds.
  path: Assets/Imports/Pirate Models/glTF format
  artifactKey: Guid(24ff71185a33ab340940d8bfb6dac41f) Importer(815301076,1909f56bfc062723c751e8b465ee728b)
Start importing Assets/Imports/Pirate Models/glTF format using Guid(24ff71185a33ab340940d8bfb6dac41f) Importer(815301076,1909f56bfc062723c751e8b465ee728b)  -> (artifact id: 'c4d348fe33a6301ba3abd96966bcf8ec') in 0.000401 seconds
Number of updated asset objects reloaded before import = 0
Number of asset objects unloaded after import = 0
========================================================================
Received Import Request.
  Time since last request: 1.459802 seconds.
  path: Assets/Imports/Pirate Models/OBJ format
  artifactKey: Guid(b94723e3b15c83f4ab47efb8f286e555) Importer(815301076,1909f56bfc062723c751e8b465ee728b)
Start importing Assets/Imports/Pirate Models/OBJ format using Guid(b94723e3b15c83f4ab47efb8f286e555) Importer(815301076,1909f56bfc062723c751e8b465ee728b)  -> (artifact id: 'a134e2f272dc08a029f8d1f8b183c359') in 0.000438 seconds
Number of updated asset objects reloaded before import = 0
Number of asset objects unloaded after import = 0
========================================================================
Received Import Request.
  Time since last request: 0.059871 seconds.
  path: Assets/Imports/Pirate Models/OBJ format/boat_large.obj
  artifactKey: Guid(6ba46a4e85fa7ea4eb5b1b325e827218) Importer(815301076,1909f56bfc062723c751e8b465ee728b)
Start importing Assets/Imports/Pirate Models/OBJ format/boat_large.obj using Guid(6ba46a4e85fa7ea4eb5b1b325e827218) Importer(815301076,1909f56bfc062723c751e8b465ee728b)  -> (artifact id: 'ec182071ec3175e917eb8335b78cc583') in 0.443892 seconds
Number of updated asset objects reloaded before import = 0
Number of asset objects unloaded after import = 10
========================================================================
Received Import Request.
  Time since last request: 0.000030 seconds.
  path: Assets/Imports/Pirate Models/OBJ format/hole.obj
  artifactKey: Guid(4e838f90a37109a469fab938ddb95326) Importer(815301076,1909f56bfc062723c751e8b465ee728b)
Start importing Assets/Imports/Pirate Models/OBJ format/hole.obj using Guid(4e838f90a37109a469fab938ddb95326) Importer(815301076,1909f56bfc062723c751e8b465ee728b)  -> (artifact id: '5a3003394e86c0a09b16d89726206c8a') in 0.033798 seconds
Number of updated asset objects reloaded before import = 0
Number of asset objects unloaded after import = 11
========================================================================
Received Import Request.
  Time since last request: 0.000024 seconds.
  path: Assets/Imports/Pirate Models/OBJ format/sword_scimitar.obj
  artifactKey: Guid(9e7cd3694d7e5cc419adff7e444be901) Importer(815301076,1909f56bfc062723c751e8b465ee728b)
Start importing Assets/Imports/Pirate Models/OBJ format/sword_scimitar.obj using Guid(9e7cd3694d7e5cc419adff7e444be901) Importer(815301076,1909f56bfc062723c751e8b465ee728b)  -> (artifact id: 'bcfcdfd56b240b3d075bf31af7f0ebb2') in 0.041450 seconds
Number of updated asset objects reloaded before import = 0
Number of asset objects unloaded after import = 13
========================================================================
Received Import Request.
  Time since last request: 0.000015 seconds.
  path: Assets/Imports/Pirate Models/OBJ format/formationLarge_stone.obj
  artifactKey: Guid(b459dbec7ee1985419d8ad49099ae85a) Importer(815301076,1909f56bfc062723c751e8b465ee728b)
Start importing Assets/Imports/Pirate Models/OBJ format/formationLarge_stone.obj using Guid(b459dbec7ee1985419d8ad49099ae85a) Importer(815301076,1909f56bfc062723c751e8b465ee728b)  -> (artifact id: '4e9bde8ba79898d3041d76eaaa239599') in 0.027021 seconds
Number of updated asset objects reloaded before import = 0
Number of asset objects unloaded after import = 10
========================================================================
Received Import Request.
  Time since last request: 0.000020 seconds.
  path: Assets/Imports/Pirate Models/OBJ format/palm_long.obj
  artifactKey: Guid(be793400985cfd94ca633ceebbbf4787) Importer(815301076,1909f56bfc062723c751e8b465ee728b)
Start importing Assets/Imports/Pirate Models/OBJ format/palm_long.obj using Guid(be793400985cfd94ca633ceebbbf4787) Importer(815301076,1909f56bfc062723c751e8b465ee728b)  -> (artifact id: 'f5319e23eab41b45d4147b6d90dbae0d') in 0.038233 seconds
Number of updated asset objects reloaded before import = 0
Number of asset objects unloaded after import = 16
========================================================================
Received Import Request.
  Time since last request: 0.000018 seconds.
  path: Assets/Imports/Pirate Models/OBJ format/formationLarge_rock.obj
  artifactKey: Guid(11b6291fd5e47b044b91874166932559) Importer(815301076,1909f56bfc062723c751e8b465ee728b)
Start importing Assets/Imports/Pirate Models/OBJ format/formationLarge_rock.obj using Guid(11b6291fd5e47b044b91874166932559) Importer(815301076,1909f56bfc062723c751e8b465ee728b)  -> (artifact id: '8e5185cb1bbc5339118960fb0cca5b14') in 0.035504 seconds
Number of updated asset objects reloaded before import = 0
Number of asset objects unloaded after import = 11
========================================================================
Received Import Request.
  Time since last request: 0.000129 seconds.
  path: Assets/Imports/Pirate Models/OBJ format/shovel.obj
  artifactKey: Guid(9b9649298fb568143982b88f862f080c) Importer(815301076,1909f56bfc062723c751e8b465ee728b)
Start importing Assets/Imports/Pirate Models/OBJ format/shovel.obj using Guid(9b9649298fb568143982b88f862f080c) Importer(815301076,1909f56bfc062723c751e8b465ee728b)  -> (artifact id: 'f39d4c8807181c8816be6aa9bddba8b6') in 0.039269 seconds
Number of updated asset objects reloaded before import = 0
Number of asset objects unloaded after import = 11
========================================================================
Received Import Request.
  Time since last request: 0.000017 seconds.
  path: Assets/Imports/Pirate Models/OBJ format/paddle.obj
  artifactKey: Guid(f540f360f55f7264b956fc9e665bcc2f) Importer(815301076,1909f56bfc062723c751e8b465ee728b)
Start importing Assets/Imports/Pirate Models/OBJ format/paddle.obj using Guid(f540f360f55f7264b956fc9e665bcc2f) Importer(815301076,1909f56bfc062723c751e8b465ee728b)  -> (artifact id: '1eea45fd193109fbe1bf4570814b69fa') in 0.033879 seconds
Number of updated asset objects reloaded before import = 0
Number of asset objects unloaded after import = 10
========================================================================
Received Import Request.
  Time since last request: 0.000030 seconds.
  path: Assets/Imports/Pirate Models/OBJ format/formation_stone.obj
  artifactKey: Guid(dd98abd34064b0a4182e2e148d35b46b) Importer(815301076,1909f56bfc062723c751e8b465ee728b)
Start importing Assets/Imports/Pirate Models/OBJ format/formation_stone.obj using Guid(dd98abd34064b0a4182e2e148d35b46b) Importer(815301076,1909f56bfc062723c751e8b465ee728b)  -> (artifact id: 'bbb7d6d20c706ad6e04cfacbcc0304e8') in 0.027432 seconds
Number of updated asset objects reloaded before import = 0
Number of asset objects unloaded after import = 10
========================================================================
Received Import Request.
  Time since last request: 0.000034 seconds.
  path: Assets/Imports/Pirate Models/OBJ format/cannonBall.obj
  artifactKey: Guid(77242aad817b61b4a944afc31296251e) Importer(815301076,1909f56bfc062723c751e8b465ee728b)
Start importing Assets/Imports/Pirate Models/OBJ format/cannonBall.obj using Guid(77242aad817b61b4a944afc31296251e) Importer(815301076,1909f56bfc062723c751e8b465ee728b)  -> (artifact id: 'e4a7c18ceca563b3131bc563f15c08fc') in 0.031193 seconds
Number of updated asset objects reloaded before import = 0
Number of asset objects unloaded after import = 10
========================================================================
Received Import Request.
  Time since last request: 0.000016 seconds.
  path: Assets/Imports/Pirate Models/OBJ format/pirate_crew.obj
  artifactKey: Guid(d44d3962e3ffc6a4982353001471b1d6) Importer(815301076,1909f56bfc062723c751e8b465ee728b)
Start importing Assets/Imports/Pirate Models/OBJ format/pirate_crew.obj using Guid(d44d3962e3ffc6a4982353001471b1d6) Importer(815301076,1909f56bfc062723c751e8b465ee728b)  -> (artifact id: '5779811af6305cce3eac91645ccd6b5f') in 0.090220 seconds
Number of updated asset objects reloaded before import = 0
Number of asset objects unloaded after import = 40
========================================================================
Received Import Request.
  Time since last request: 0.000068 seconds.
  path: Assets/Imports/Pirate Models/OBJ format/sword.obj
  artifactKey: Guid(766c2e5e9e1419a4d9a4fa6327771408) Importer(815301076,1909f56bfc062723c751e8b465ee728b)
Start importing Assets/Imports/Pirate Models/OBJ format/sword.obj using Guid(766c2e5e9e1419a4d9a4fa6327771408) Importer(815301076,1909f56bfc062723c751e8b465ee728b)  -> (artifact id: '616681278afb0e1d52529758c9106e38') in 0.039868 seconds
Number of updated asset objects reloaded before import = 0
Number of asset objects unloaded after import = 13
========================================================================
Received Import Request.
  Time since last request: 0.000016 seconds.
  path: Assets/Imports/Pirate Models/OBJ format/pirate_officer.obj
  artifactKey: Guid(d75f7c56703b02347b9896f99922970f) Importer(815301076,1909f56bfc062723c751e8b465ee728b)
Start importing Assets/Imports/Pirate Models/OBJ format/pirate_officer.obj using Guid(d75f7c56703b02347b9896f99922970f) Importer(815301076,1909f56bfc062723c751e8b465ee728b)  -> (artifact id: 'bc3f8d380079a8c995704621a487171c') in 0.086217 seconds
Number of updated asset objects reloaded before import = 0
Number of asset objects unloaded after import = 39
========================================================================
Received Import Request.
  Time since last request: 0.000018 seconds.
  path: Assets/Imports/Pirate Models/OBJ format/formation_rock.obj
  artifactKey: Guid(8b0122e8cda53c84884aebc105371b00) Importer(815301076,1909f56bfc062723c751e8b465ee728b)
Start importing Assets/Imports/Pirate Models/OBJ format/formation_rock.obj using Guid(8b0122e8cda53c84884aebc105371b00) Importer(815301076,1909f56bfc062723c751e8b465ee728b)  -> (artifact id: 'e5bea1347286f67a4de29418a4cf1f88') in 0.033006 seconds
Number of updated asset objects reloaded before import = 0
Number of asset objects unloaded after import = 11
========================================================================
Received Import Request.
  Time since last request: 0.000022 seconds.
  path: Assets/Imports/Pirate Models/OBJ format/plant.obj
  artifactKey: Guid(391048439080609478296f8fe2118a21) Importer(815301076,1909f56bfc062723c751e8b465ee728b)
Start importing Assets/Imports/Pirate Models/OBJ format/plant.obj using Guid(391048439080609478296f8fe2118a21) Importer(815301076,1909f56bfc062723c751e8b465ee728b)  -> (artifact id: 'e14d37696108245a8c1fd34041ebde03') in 0.034563 seconds
Number of updated asset objects reloaded before import = 0
Number of asset objects unloaded after import = 10
========================================================================
Received Import Request.
  Time since last request: 0.000020 seconds.
  path: Assets/Imports/Pirate Models/OBJ format/tower.obj
  artifactKey: Guid(cd02a5a250bbe2147ac59deb62c61bba) Importer(815301076,1909f56bfc062723c751e8b465ee728b)
Start importing Assets/Imports/Pirate Models/OBJ format/tower.obj using Guid(cd02a5a250bbe2147ac59deb62c61bba) Importer(815301076,1909f56bfc062723c751e8b465ee728b)  -> (artifact id: 'f1d555e8ec70d792a9c9f0483301a283') in 0.068100 seconds
Number of updated asset objects reloaded before import = 0
Number of asset objects unloaded after import = 16
========================================================================
Received Import Request.
  Time since last request: 0.000019 seconds.
  path: Assets/Imports/Pirate Models/OBJ format/cannonMobile.obj
  artifactKey: Guid(eeb7c836f7bf61f4ab5f647065af261f) Importer(815301076,1909f56bfc062723c751e8b465ee728b)
Start importing Assets/Imports/Pirate Models/OBJ format/cannonMobile.obj using Guid(eeb7c836f7bf61f4ab5f647065af261f) Importer(815301076,1909f56bfc062723c751e8b465ee728b)  -> (artifact id: '720dbcdbbb47845d0ebe422b8752d35b') in 0.081872 seconds
Number of updated asset objects reloaded before import = 0
Number of asset objects unloaded after import = 36
========================================================================
Received Import Request.
  Time since last request: 3.558956 seconds.
  path: Assets/Imports/Pirate Models/FBX format/boat_small.fbx
  artifactKey: Guid(1c163a9d4a433e44fb4b526c5b4e9c04) Importer(815301076,1909f56bfc062723c751e8b465ee728b)
Start importing Assets/Imports/Pirate Models/FBX format/boat_small.fbx using Guid(1c163a9d4a433e44fb4b526c5b4e9c04) Importer(815301076,1909f56bfc062723c751e8b465ee728b)  -> (artifact id: '3b36573b60e8dc1f6087e2eb26885787') in 0.023305 seconds
Number of updated asset objects reloaded before import = 0
Number of asset objects unloaded after import = 8
========================================================================
Received Import Request.
  Time since last request: 0.000015 seconds.
  path: Assets/Imports/Pirate Models/FBX format/formationLarge_rock.fbx
  artifactKey: Guid(6025d9d52dc97f04e8662e182869e3ca) Importer(815301076,1909f56bfc062723c751e8b465ee728b)
Start importing Assets/Imports/Pirate Models/FBX format/formationLarge_rock.fbx using Guid(6025d9d52dc97f04e8662e182869e3ca) Importer(815301076,1909f56bfc062723c751e8b465ee728b)  -> (artifact id: '923c0de48eaf44c79ca1a1a2f3c953c1') in 0.027553 seconds
Number of updated asset objects reloaded before import = 0
Number of asset objects unloaded after import = 9
========================================================================
Received Import Request.
  Time since last request: 0.000017 seconds.
  path: Assets/Imports/Pirate Models/FBX format/palm_short.fbx
  artifactKey: Guid(6583e03539600eb4bb086b789718b35c) Importer(815301076,1909f56bfc062723c751e8b465ee728b)
Start importing Assets/Imports/Pirate Models/FBX format/palm_short.fbx using Guid(6583e03539600eb4bb086b789718b35c) Importer(815301076,1909f56bfc062723c751e8b465ee728b)  -> (artifact id: '6f12b205df1831345ff9d82581c1e440') in 0.037474 seconds
Number of updated asset objects reloaded before import = 0
Number of asset objects unloaded after import = 16
========================================================================
Received Import Request.
  Time since last request: 0.000028 seconds.
  path: Assets/Imports/Pirate Models/FBX format/palm_detailed_short.fbx
  artifactKey: Guid(dbba2a572e387d6479955691bc781332) Importer(815301076,1909f56bfc062723c751e8b465ee728b)
Start importing Assets/Imports/Pirate Models/FBX format/palm_detailed_short.fbx using Guid(dbba2a572e387d6479955691bc781332) Importer(815301076,1909f56bfc062723c751e8b465ee728b)  -> (artifact id: '66c8af32518822c8bf9eb70fca02034b') in 0.049523 seconds
Number of updated asset objects reloaded before import = 0
Number of asset objects unloaded after import = 16
========================================================================
Received Import Request.
  Time since last request: 0.002619 seconds.
  path: Assets/Imports/Pirate Models/FBX format/ship_dark.fbx
  artifactKey: Guid(90af1491765d0a943b122a5eb9192b00) Importer(815301076,1909f56bfc062723c751e8b465ee728b)
Start importing Assets/Imports/Pirate Models/FBX format/ship_dark.fbx using Guid(90af1491765d0a943b122a5eb9192b00) Importer(815301076,1909f56bfc062723c751e8b465ee728b)  -> (artifact id: 'bb1a2ad83cfc68ff1f3ea355b9029f4d') in 0.156257 seconds
Number of updated asset objects reloaded before import = 0
Number of asset objects unloaded after import = 102
========================================================================
Received Import Request.
  Time since last request: 0.000024 seconds.
  path: Assets/Imports/Pirate Models/FBX format/plant.fbx
  artifactKey: Guid(96d52d0ab6d9288408420094633972c4) Importer(815301076,1909f56bfc062723c751e8b465ee728b)
Start importing Assets/Imports/Pirate Models/FBX format/plant.fbx using Guid(96d52d0ab6d9288408420094633972c4) Importer(815301076,1909f56bfc062723c751e8b465ee728b)  -> (artifact id: '2537361f7c6fd8dbe1739dc62416b956') in 0.026042 seconds
Number of updated asset objects reloaded before import = 0
Number of asset objects unloaded after import = 8
========================================================================
Received Import Request.
  Time since last request: 0.000015 seconds.
  path: Assets/Imports/Pirate Models/FBX format/shovel.fbx
  artifactKey: Guid(58887868c70f8f047b15fe6503ca6ebf) Importer(815301076,1909f56bfc062723c751e8b465ee728b)
Start importing Assets/Imports/Pirate Models/FBX format/shovel.fbx using Guid(58887868c70f8f047b15fe6503ca6ebf) Importer(815301076,1909f56bfc062723c751e8b465ee728b)  -> (artifact id: '01d0dbb6a2898fc0cb42adeada37f220') in 0.031766 seconds
Number of updated asset objects reloaded before import = 0
Number of asset objects unloaded after import = 9
========================================================================
Received Import Request.
  Time since last request: 0.000025 seconds.
  path: Assets/Imports/Pirate Models/FBX format/tower.fbx
  artifactKey: Guid(419818e80c493564b82d16e575562c30) Importer(815301076,1909f56bfc062723c751e8b465ee728b)
Start importing Assets/Imports/Pirate Models/FBX format/tower.fbx using Guid(419818e80c493564b82d16e575562c30) Importer(815301076,1909f56bfc062723c751e8b465ee728b)  -> (artifact id: 'c7d824a85bc08a12d55c3614e7113152') in 0.051402 seconds
Number of updated asset objects reloaded before import = 0
Number of asset objects unloaded after import = 14
========================================================================
Received Import Request.
  Time since last request: 0.000029 seconds.
  path: Assets/Imports/Pirate Models/FBX format/cannonLarge.fbx
  artifactKey: Guid(0d8af5e9473c5b847bd37b5514f8f243) Importer(815301076,1909f56bfc062723c751e8b465ee728b)
Start importing Assets/Imports/Pirate Models/FBX format/cannonLarge.fbx using Guid(0d8af5e9473c5b847bd37b5514f8f243) Importer(815301076,1909f56bfc062723c751e8b465ee728b)  -> (artifact id: '4706ad1200f635d4929cd2d1a735675e') in 0.038659 seconds
Number of updated asset objects reloaded before import = 0
Number of asset objects unloaded after import = 14
========================================================================
Received Import Request.
  Time since last request: 0.000019 seconds.
  path: Assets/Imports/Pirate Models/FBX format/chest.fbx
  artifactKey: Guid(dfeccb212d7a3b94493abbb3c882722c) Importer(815301076,1909f56bfc062723c751e8b465ee728b)
Start importing Assets/Imports/Pirate Models/FBX format/chest.fbx using Guid(dfeccb212d7a3b94493abbb3c882722c) Importer(815301076,1909f56bfc062723c751e8b465ee728b)  -> (artifact id: '4fb8c76ae05cdaed2bfe01fe96f69407') in 0.038421 seconds
Number of updated asset objects reloaded before import = 0
Number of asset objects unloaded after import = 14
========================================================================
Received Import Request.
  Time since last request: 0.000028 seconds.
  path: Assets/Imports/Pirate Models/FBX format/sword.fbx
  artifactKey: Guid(67e9b294d9b2c2846875a0582155469f) Importer(815301076,1909f56bfc062723c751e8b465ee728b)
Start importing Assets/Imports/Pirate Models/FBX format/sword.fbx using Guid(67e9b294d9b2c2846875a0582155469f) Importer(815301076,1909f56bfc062723c751e8b465ee728b)  -> (artifact id: '9ed51b9b9229a7a957959aac490b11c1') in 0.035942 seconds
Number of updated asset objects reloaded before import = 0
Number of asset objects unloaded after import = 11
========================================================================
Received Import Request.
  Time since last request: 0.000026 seconds.
  path: Assets/Imports/Pirate Models/FBX format/paddle.fbx
  artifactKey: Guid(f73d0153f76397943ac1f8148b3f797d) Importer(815301076,1909f56bfc062723c751e8b465ee728b)
Start importing Assets/Imports/Pirate Models/FBX format/paddle.fbx using Guid(f73d0153f76397943ac1f8148b3f797d) Importer(815301076,1909f56bfc062723c751e8b465ee728b)  -> (artifact id: 'a07544281b1f09fc2ceca11f20dda73a') in 0.029842 seconds
Number of updated asset objects reloaded before import = 0
Number of asset objects unloaded after import = 8
========================================================================
Received Import Request.
  Time since last request: 1.860153 seconds.
  path: Assets/Imports/Pirate Models/FBX format/Materials/iron.mat
  artifactKey: Guid(4670add6ad0061241b475e504afaca85) Importer(815301076,1909f56bfc062723c751e8b465ee728b)
Start importing Assets/Imports/Pirate Models/FBX format/Materials/iron.mat using Guid(4670add6ad0061241b475e504afaca85) Importer(815301076,1909f56bfc062723c751e8b465ee728b)  -> (artifact id: '84743c823b68cfd16d1f3d074177d999') in 0.014906 seconds
Number of updated asset objects reloaded before import = 0
Number of asset objects unloaded after import = 1
========================================================================
Received Import Request.
  Time since last request: 0.000022 seconds.
  path: Assets/Imports/Pirate Models/FBX format/Materials/textileBlue.mat
  artifactKey: Guid(fab5d4aee26da8d43b85acc327b53aff) Importer(815301076,1909f56bfc062723c751e8b465ee728b)
Start importing Assets/Imports/Pirate Models/FBX format/Materials/textileBlue.mat using Guid(fab5d4aee26da8d43b85acc327b53aff) Importer(815301076,1909f56bfc062723c751e8b465ee728b)  -> (artifact id: '8dc7ee47ad21cbb07db32aab61a5a3d3') in 0.014329 seconds
Number of updated asset objects reloaded before import = 0
Number of asset objects unloaded after import = 1
========================================================================
Received Import Request.
  Time since last request: 0.000015 seconds.
  path: Assets/Imports/Pirate Models/FBX format/Materials/woodDark.mat
  artifactKey: Guid(e7c8662ce83c97c49ba3c4f6e23d06aa) Importer(815301076,1909f56bfc062723c751e8b465ee728b)
Start importing Assets/Imports/Pirate Models/FBX format/Materials/woodDark.mat using Guid(e7c8662ce83c97c49ba3c4f6e23d06aa) Importer(815301076,1909f56bfc062723c751e8b465ee728b)  -> (artifact id: '72f8356cd9f6ff6c56c1d28ab493561e') in 0.014318 seconds
Number of updated asset objects reloaded before import = 0
Number of asset objects unloaded after import = 1
Editor requested this worker to shutdown with reason: Scaling down because of idle timeout
TcpMessagingSession - receive error: operation aborted. errorcode: 995, details: The I/O operation has been aborted because of either a thread exit or an application request.
AssetImportWorker is now disconnected from the server
Process exiting
Exiting without the bug reporter. Application will terminate with return code 0