Using pre-set license
Built from '2022.3/staging' branch; Version is '2022.3.24f1 (334eb2a0b267) revision 3362482'; Using compiler version '192829333'; Build Type 'Release'
OS: 'Windows 11  (10.0.22631) 64bit Core' Language: 'en' Physical Memory: 16215 MB
BatchMode: 1, IsHumanControllingUs: 0, StartBugReporterOnCrash: 0, Is64bit: 1, IsPro: 1

COMMAND LINE ARGUMENTS:
C:\Program Files\Unity\Hub\Editor\2022.3.24f1\Editor\Unity.exe
-adb2
-batchMode
-noUpm
-name
AssetImportWorker1
-projectPath
C:/Users/flori/Documents/PirateGame/PirateGame/Pirate Game
-logFile
Logs/AssetImportWorker1.log
-srvPort
64273
Successfully changed project path to: C:/Users/flori/Documents/PirateGame/PirateGame/Pirate Game
C:/Users/flori/Documents/PirateGame/PirateGame/Pirate Game
[UnityMemory] Configuration Parameters - Can be set up in boot.config
    "memorysetup-bucket-allocator-granularity=16"
    "memorysetup-bucket-allocator-bucket-count=8"
    "memorysetup-bucket-allocator-block-size=33554432"
    "memorysetup-bucket-allocator-block-count=8"
    "memorysetup-main-allocator-block-size=16777216"
    "memorysetup-thread-allocator-block-size=16777216"
    "memorysetup-gfx-main-allocator-block-size=16777216"
    "memorysetup-gfx-thread-allocator-block-size=16777216"
    "memorysetup-cache-allocator-block-size=4194304"
    "memorysetup-typetree-allocator-block-size=2097152"
    "memorysetup-profiler-bucket-allocator-granularity=16"
    "memorysetup-profiler-bucket-allocator-bucket-count=8"
    "memorysetup-profiler-bucket-allocator-block-size=33554432"
    "memorysetup-profiler-bucket-allocator-block-count=8"
    "memorysetup-profiler-allocator-block-size=16777216"
    "memorysetup-profiler-editor-allocator-block-size=1048576"
    "memorysetup-temp-allocator-size-main=16777216"
    "memorysetup-job-temp-allocator-block-size=2097152"
    "memorysetup-job-temp-allocator-block-size-background=1048576"
    "memorysetup-job-temp-allocator-reduction-small-platforms=262144"
    "memorysetup-allocator-temp-initial-block-size-main=262144"
    "memorysetup-allocator-temp-initial-block-size-worker=262144"
    "memorysetup-temp-allocator-size-background-worker=32768"
    "memorysetup-temp-allocator-size-job-worker=262144"
    "memorysetup-temp-allocator-size-preload-manager=33554432"
    "memorysetup-temp-allocator-size-nav-mesh-worker=65536"
    "memorysetup-temp-allocator-size-audio-worker=65536"
    "memorysetup-temp-allocator-size-cloud-worker=32768"
    "memorysetup-temp-allocator-size-gi-baking-worker=262144"
    "memorysetup-temp-allocator-size-gfx=262144"
Player connection [28036] Host "[IP] 192.168.0.188 [Port] 0 [Flags] 2 [Guid] 4182146391 [EditorId] 4182146391 [Version] 1048832 [Id] WindowsEditor(7,LAPTOP-D9VJUMCS) [Debug] 1 [PackageName] WindowsEditor [ProjectName] Editor" joined multi-casting on [225.0.0.222:54997]...

Player connection [28036] Host "[IP] 192.168.0.188 [Port] 0 [Flags] 2 [Guid] 4182146391 [EditorId] 4182146391 [Version] 1048832 [Id] WindowsEditor(7,LAPTOP-D9VJUMCS) [Debug] 1 [PackageName] WindowsEditor [ProjectName] Editor" joined alternative multi-casting on [225.0.0.222:34997]...

[Physics::Module] Initialized MultithreadedJobDispatcher with 11 workers.
Refreshing native plugins compatible for Editor in 9.82 ms, found 3 plugins.
Preloading 0 native plugins for Editor in 0.00 ms.
Initialize engine version: 2022.3.24f1 (334eb2a0b267)
[Subsystems] Discovering subsystems at path C:/Program Files/Unity/Hub/Editor/2022.3.24f1/Editor/Data/Resources/UnitySubsystems
[Subsystems] Discovering subsystems at path C:/Users/flori/Documents/PirateGame/PirateGame/Pirate Game/Assets
GfxDevice: creating device client; threaded=0; jobified=0
Direct3D:
    Version:  Direct3D 11.0 [level 11.1]
    Renderer: NVIDIA GeForce RTX 2060 (ID=0x1f15)
    Vendor:   NVIDIA
    VRAM:     5968 MB
    Driver:   31.0.15.3713
Initialize mono
Mono path[0] = 'C:/Program Files/Unity/Hub/Editor/2022.3.24f1/Editor/Data/Managed'
Mono path[1] = 'C:/Program Files/Unity/Hub/Editor/2022.3.24f1/Editor/Data/MonoBleedingEdge/lib/mono/unityjit-win32'
Mono config path = 'C:/Program Files/Unity/Hub/Editor/2022.3.24f1/Editor/Data/MonoBleedingEdge/etc'
Using monoOptions --debugger-agent=transport=dt_socket,embedding=1,server=y,suspend=n,address=127.0.0.1:56100
Begin MonoManager ReloadAssembly
Registering precompiled unity dll's ...
Register platform support module: C:/Program Files/Unity/Hub/Editor/2022.3.24f1/Editor/Data/PlaybackEngines/WindowsStandaloneSupport/UnityEditor.WindowsStandalone.Extensions.dll
Registered in 0.009164 seconds.
- Loaded All Assemblies, in  0.470 seconds
Native extension for WindowsStandalone target not found
Mono: successfully reloaded assembly
- Finished resetting the current domain, in  0.336 seconds
Domain Reload Profiling: 805ms
	BeginReloadAssembly (163ms)
		ExecutionOrderSort (0ms)
		DisableScriptedObjects (0ms)
		BackupInstance (0ms)
		ReleaseScriptingObjects (0ms)
		CreateAndSetChildDomain (1ms)
	RebuildCommonClasses (46ms)
	RebuildNativeTypeToScriptingClass (12ms)
	initialDomainReloadingComplete (70ms)
	LoadAllAssembliesAndSetupDomain (177ms)
		LoadAssemblies (160ms)
		RebuildTransferFunctionScriptingTraits (0ms)
		AnalyzeDomain (175ms)
			TypeCache.Refresh (173ms)
				TypeCache.ScanAssembly (146ms)
			ScanForSourceGeneratedMonoScriptInfo (0ms)
			ResolveRequiredComponents (1ms)
	FinalizeReload (337ms)
		ReleaseScriptCaches (0ms)
		RebuildScriptCaches (0ms)
		SetupLoadedEditorAssemblies (251ms)
			LogAssemblyErrors (0ms)
			InitializePlatformSupportModulesInManaged (11ms)
			SetLoadedEditorAssemblies (9ms)
			RefreshPlugins (0ms)
			BeforeProcessingInitializeOnLoad (2ms)
			ProcessInitializeOnLoadAttributes (170ms)
			ProcessInitializeOnLoadMethodAttributes (57ms)
			AfterProcessingInitializeOnLoad (0ms)
			EditorAssembliesLoaded (0ms)
		ExecutionOrderSort2 (0ms)
		AwakeInstancesAfterBackupRestoration (0ms)
========================================================================
Worker process is ready to serve import requests
Begin MonoManager ReloadAssembly
- Loaded All Assemblies, in  0.867 seconds
Refreshing native plugins compatible for Editor in 4.75 ms, found 3 plugins.
Native extension for WindowsStandalone target not found
Package Manager log level set to [2]
[Package Manager] Server::EnsureServerProcessIsRunning -- launch failed, reason: Unity was launched with the -noUpm command-line argument
[Package Manager] UpmClient::Send -- Unable to send message (not connected to UPM process).
[Package Manager] Cannot connect to Unity Package Manager local server
Mono: successfully reloaded assembly
- Finished resetting the current domain, in  0.835 seconds
Domain Reload Profiling: 1698ms
	BeginReloadAssembly (194ms)
		ExecutionOrderSort (0ms)
		DisableScriptedObjects (6ms)
		BackupInstance (0ms)
		ReleaseScriptingObjects (0ms)
		CreateAndSetChildDomain (24ms)
	RebuildCommonClasses (48ms)
	RebuildNativeTypeToScriptingClass (11ms)
	initialDomainReloadingComplete (46ms)
	LoadAllAssembliesAndSetupDomain (563ms)
		LoadAssemblies (438ms)
		RebuildTransferFunctionScriptingTraits (0ms)
		AnalyzeDomain (249ms)
			TypeCache.Refresh (219ms)
				TypeCache.ScanAssembly (194ms)
			ScanForSourceGeneratedMonoScriptInfo (20ms)
			ResolveRequiredComponents (8ms)
	FinalizeReload (835ms)
		ReleaseScriptCaches (0ms)
		RebuildScriptCaches (0ms)
		SetupLoadedEditorAssemblies (644ms)
			LogAssemblyErrors (0ms)
			InitializePlatformSupportModulesInManaged (8ms)
			SetLoadedEditorAssemblies (6ms)
			RefreshPlugins (0ms)
			BeforeProcessingInitializeOnLoad (124ms)
			ProcessInitializeOnLoadAttributes (470ms)
			ProcessInitializeOnLoadMethodAttributes (19ms)
			AfterProcessingInitializeOnLoad (16ms)
			EditorAssembliesLoaded (0ms)
		ExecutionOrderSort2 (0ms)
		AwakeInstancesAfterBackupRestoration (6ms)
Launched and connected shader compiler UnityShaderCompiler.exe after 0.04 seconds
Refreshing native plugins compatible for Editor in 4.51 ms, found 3 plugins.
Preloading 0 native plugins for Editor in 0.00 ms.
Unloading 3367 Unused Serialized files (Serialized files now loaded: 0)
Unloading 48 unused Assets / (131.0 KB). Loaded Objects now: 3832.
Memory consumption went from 134.2 MB to 134.0 MB.
Total: 2.979100 ms (FindLiveObjects: 0.268300 ms CreateObjectMapping: 0.232000 ms MarkObjects: 2.298500 ms  DeleteObjects: 0.179500 ms)

AssetImportParameters requested are different than current active one (requested -> active):
  custom:container-demuxer-ogg: 62fdf1f143b41e24485cea50d1cbac27 -> 
  custom:video-decoder-ogg-theora: a1e56fd34408186e4bbccfd4996cb3dc -> 
  custom:framework-win-MediaFoundation: 216162199b28c13a410421893ffa2e32 -> 
  custom:CustomObjectIndexerAttribute: 9a22284fe3817be447336de3de66b15e -> 
  custom:container-demuxer-webm: 4f35f7cbe854078d1ac9338744f61a02 -> 
  custom:container-muxer-webm: aa71ff27fc2769a1b78a27578f13a17b -> 
  custom:video-decoder-webm-vp8: 9c59270c3fd7afecdb556c50c9e8de78 -> 
  custom:SearchIndexIgnoredProperties: e643bd26f0fe6173181afceb89e7c659 -> 
  custom:AudioImporter_EditorPlatform: d09bf68614088b80899f8185d706f6e7 -> 
  custom:video-encoder-webm-vp8: eb34c28f22e8b96e1ab97ce403110664 -> 
  custom:audio-decoder-ogg-vorbis: bf7c407c2cedff20999df2af8eb42d56 -> 
  custom:audio-encoder-webm-vorbis: bf7c407c2cedff20999df2af8eb42d56 -> 
========================================================================
Received Import Request.
  Time since last request: 15562.970516 seconds.
  path: Assets/Prefabs/Enemy
  artifactKey: Guid(cf8e827ef0496ce469dcd637686e34d7) Importer(815301076,1909f56bfc062723c751e8b465ee728b)
Start importing Assets/Prefabs/Enemy using Guid(cf8e827ef0496ce469dcd637686e34d7) Importer(815301076,1909f56bfc062723c751e8b465ee728b)  -> (artifact id: '7b8cef6c21402a408fdad72f1becc1cc') in 0.004078 seconds
Number of updated asset objects reloaded before import = 0
Number of asset objects unloaded after import = 0
========================================================================
Received Import Request.
  Time since last request: 424.217828 seconds.
  path: Assets/Imports/PolygonPirates/Prefabs/Characters/Character_English_Govenor_01.prefab
  artifactKey: Guid(21a82b88f4e365a4cb4277cd43b7fe21) Importer(815301076,1909f56bfc062723c751e8b465ee728b)
Start importing Assets/Imports/PolygonPirates/Prefabs/Characters/Character_English_Govenor_01.prefab using Guid(21a82b88f4e365a4cb4277cd43b7fe21) Importer(815301076,1909f56bfc062723c751e8b465ee728b)  -> (artifact id: 'f0d35bff94941fa6430351674a0e69de') in 0.182011 seconds
Number of updated asset objects reloaded before import = 0
Number of asset objects unloaded after import = 316
========================================================================
Received Import Request.
  Time since last request: 0.000027 seconds.
  path: Assets/Imports/PolygonPirates/Prefabs/Characters/Character_Pirate_Seaman_01.prefab
  artifactKey: Guid(cd3b4bf6d7e36af41b2bc986a4ab13c7) Importer(815301076,1909f56bfc062723c751e8b465ee728b)
Start importing Assets/Imports/PolygonPirates/Prefabs/Characters/Character_Pirate_Seaman_01.prefab using Guid(cd3b4bf6d7e36af41b2bc986a4ab13c7) Importer(815301076,1909f56bfc062723c751e8b465ee728b)  -> (artifact id: 'fd54474f83b49ecef86d809fe9fdea59') in 0.038064 seconds
Number of updated asset objects reloaded before import = 0
Number of asset objects unloaded after import = 316
========================================================================
Received Import Request.
  Time since last request: 0.000031 seconds.
  path: Assets/Imports/PolygonPirates/Prefabs/Characters/Character_Skeleton_01.prefab
  artifactKey: Guid(fe1cffe6ed7a7ff4798b18c00b0358e3) Importer(815301076,1909f56bfc062723c751e8b465ee728b)
Start importing Assets/Imports/PolygonPirates/Prefabs/Characters/Character_Skeleton_01.prefab using Guid(fe1cffe6ed7a7ff4798b18c00b0358e3) Importer(815301076,1909f56bfc062723c751e8b465ee728b)  -> (artifact id: '22e4cf5825fcd56614e165d2592b729c') in 0.030289 seconds
Number of updated asset objects reloaded before import = 0
Number of asset objects unloaded after import = 316
========================================================================
Received Import Request.
  Time since last request: 0.000040 seconds.
  path: Assets/Imports/PolygonPirates/Prefabs/Characters/Character_Pirate_Blackbeard_01.prefab
  artifactKey: Guid(bc4987e2fb189ec4d96488b047577016) Importer(815301076,1909f56bfc062723c751e8b465ee728b)
Start importing Assets/Imports/PolygonPirates/Prefabs/Characters/Character_Pirate_Blackbeard_01.prefab using Guid(bc4987e2fb189ec4d96488b047577016) Importer(815301076,1909f56bfc062723c751e8b465ee728b)  -> (artifact id: '8f671d795501780554ee7c76ff7cb669') in 0.042689 seconds
Number of updated asset objects reloaded before import = 0
Number of asset objects unloaded after import = 316
========================================================================
Received Import Request.
  Time since last request: 0.000021 seconds.
  path: Assets/Imports/PolygonPirates/Prefabs/Characters/Character_Female_Pirate_01.prefab
  artifactKey: Guid(9f907d6996365d14f98f919ae28e1e7f) Importer(815301076,1909f56bfc062723c751e8b465ee728b)
Start importing Assets/Imports/PolygonPirates/Prefabs/Characters/Character_Female_Pirate_01.prefab using Guid(9f907d6996365d14f98f919ae28e1e7f) Importer(815301076,1909f56bfc062723c751e8b465ee728b)  -> (artifact id: 'd1dc6db782b269eb7b58502329c0e628') in 0.051399 seconds
Number of updated asset objects reloaded before import = 0
Number of asset objects unloaded after import = 316
========================================================================
Received Import Request.
  Time since last request: 0.000015 seconds.
  path: Assets/Imports/PolygonPirates/Prefabs/Characters/Character_Gentleman_01.prefab
  artifactKey: Guid(81a28c375b28168439a9968612b54c17) Importer(815301076,1909f56bfc062723c751e8b465ee728b)
Start importing Assets/Imports/PolygonPirates/Prefabs/Characters/Character_Gentleman_01.prefab using Guid(81a28c375b28168439a9968612b54c17) Importer(815301076,1909f56bfc062723c751e8b465ee728b)  -> (artifact id: '0641afe5eb3e6889cdc9e65949641ad6') in 0.030106 seconds
Number of updated asset objects reloaded before import = 0
Number of asset objects unloaded after import = 316
========================================================================
Received Import Request.
  Time since last request: 0.000017 seconds.
  path: Assets/Imports/PolygonPirates/Prefabs/Characters/Character_Skeleton_03.prefab
  artifactKey: Guid(f725d918129d69848a395da5d3d992a3) Importer(815301076,1909f56bfc062723c751e8b465ee728b)
Start importing Assets/Imports/PolygonPirates/Prefabs/Characters/Character_Skeleton_03.prefab using Guid(f725d918129d69848a395da5d3d992a3) Importer(815301076,1909f56bfc062723c751e8b465ee728b)  -> (artifact id: 'd08b79b31d34a30bcaea64fce0e73f34') in 0.036639 seconds
Number of updated asset objects reloaded before import = 0
Number of asset objects unloaded after import = 316
========================================================================
Received Import Request.
  Time since last request: 0.000025 seconds.
  path: Assets/Imports/PolygonPirates/Prefabs/Characters/Character_English_Soldier_01.prefab
  artifactKey: Guid(d24bb65e9cbd4f34d8d7c86cdec254e1) Importer(815301076,1909f56bfc062723c751e8b465ee728b)
Start importing Assets/Imports/PolygonPirates/Prefabs/Characters/Character_English_Soldier_01.prefab using Guid(d24bb65e9cbd4f34d8d7c86cdec254e1) Importer(815301076,1909f56bfc062723c751e8b465ee728b)  -> (artifact id: '9a2f424520f75c45ec449a09c2141a0f') in 0.029503 seconds
Number of updated asset objects reloaded before import = 0
Number of asset objects unloaded after import = 316
========================================================================
Received Import Request.
  Time since last request: 3.409237 seconds.
  path: Assets/Imports/PolygonPirates/Prefabs/Characters/FixedScaleCharacter/Character_English_Govenor_02_FixedScale.prefab
  artifactKey: Guid(0a851430cb9a7154c9b51288ca4fbfea) Importer(815301076,1909f56bfc062723c751e8b465ee728b)
Start importing Assets/Imports/PolygonPirates/Prefabs/Characters/FixedScaleCharacter/Character_English_Govenor_02_FixedScale.prefab using Guid(0a851430cb9a7154c9b51288ca4fbfea) Importer(815301076,1909f56bfc062723c751e8b465ee728b)  -> (artifact id: 'ab4fae22ec19300ad32b6addd8e50c6e') in 0.054116 seconds
Number of updated asset objects reloaded before import = 0
Number of asset objects unloaded after import = 316
========================================================================
Received Import Request.
  Time since last request: 0.000025 seconds.
  path: Assets/Imports/PolygonPirates/Prefabs/Characters/FixedScaleCharacter/Character_Pirate_Captain_01_FixedScale.prefab
  artifactKey: Guid(0b39446ac89e5ad43812c2cabb1905f1) Importer(815301076,1909f56bfc062723c751e8b465ee728b)
Start importing Assets/Imports/PolygonPirates/Prefabs/Characters/FixedScaleCharacter/Character_Pirate_Captain_01_FixedScale.prefab using Guid(0b39446ac89e5ad43812c2cabb1905f1) Importer(815301076,1909f56bfc062723c751e8b465ee728b)  -> (artifact id: '20be35068906b039f1e079f540d8c1bd') in 0.027551 seconds
Number of updated asset objects reloaded before import = 0
Number of asset objects unloaded after import = 316
========================================================================
Received Import Request.
  Time since last request: 0.000056 seconds.
  path: Assets/Imports/PolygonPirates/Prefabs/Characters/FixedScaleCharacter/Character_English_Soldier_01_FixedScale.prefab
  artifactKey: Guid(7b9f54696ed9bed45baf5d00a1e34023) Importer(815301076,1909f56bfc062723c751e8b465ee728b)
Start importing Assets/Imports/PolygonPirates/Prefabs/Characters/FixedScaleCharacter/Character_English_Soldier_01_FixedScale.prefab using Guid(7b9f54696ed9bed45baf5d00a1e34023) Importer(815301076,1909f56bfc062723c751e8b465ee728b)  -> (artifact id: '5c527d9eb0a9d8b48a10155724b5ebda') in 0.032993 seconds
Number of updated asset objects reloaded before import = 0
Number of asset objects unloaded after import = 316
========================================================================
Received Import Request.
  Time since last request: 0.000027 seconds.
  path: Assets/Imports/PolygonPirates/Prefabs/Characters/FixedScaleCharacter/Character_Female_Wench_01_FixedScale.prefab
  artifactKey: Guid(06b11cf3d149d6b4fbad781ec985747e) Importer(815301076,1909f56bfc062723c751e8b465ee728b)
Start importing Assets/Imports/PolygonPirates/Prefabs/Characters/FixedScaleCharacter/Character_Female_Wench_01_FixedScale.prefab using Guid(06b11cf3d149d6b4fbad781ec985747e) Importer(815301076,1909f56bfc062723c751e8b465ee728b)  -> (artifact id: 'f2d8a5a110f5a7dd785f3be8411fadc3') in 0.037462 seconds
Number of updated asset objects reloaded before import = 0
Number of asset objects unloaded after import = 316
========================================================================
Received Import Request.
  Time since last request: 0.000019 seconds.
  path: Assets/Imports/PolygonPirates/Prefabs/Characters/FixedScaleCharacter/Character_Female_Pirate_01_FixedScale.prefab
  artifactKey: Guid(e51c235319ecf524fbabb913e2192e25) Importer(815301076,1909f56bfc062723c751e8b465ee728b)
Start importing Assets/Imports/PolygonPirates/Prefabs/Characters/FixedScaleCharacter/Character_Female_Pirate_01_FixedScale.prefab using Guid(e51c235319ecf524fbabb913e2192e25) Importer(815301076,1909f56bfc062723c751e8b465ee728b)  -> (artifact id: '9025e40016ceed3729b677253209e970') in 0.032390 seconds
Number of updated asset objects reloaded before import = 0
Number of asset objects unloaded after import = 316
========================================================================
Received Import Request.
  Time since last request: 0.000073 seconds.
  path: Assets/Imports/PolygonPirates/Prefabs/Characters/FixedScaleCharacter/Character_Pirate_blackbeard_01_FixedScale.prefab
  artifactKey: Guid(bfd6245ace6a1694d94da31f8f037213) Importer(815301076,1909f56bfc062723c751e8b465ee728b)
Start importing Assets/Imports/PolygonPirates/Prefabs/Characters/FixedScaleCharacter/Character_Pirate_blackbeard_01_FixedScale.prefab using Guid(bfd6245ace6a1694d94da31f8f037213) Importer(815301076,1909f56bfc062723c751e8b465ee728b)  -> (artifact id: 'd01672401f1a14aaa1e171e0dcbd1a41') in 0.027388 seconds
Number of updated asset objects reloaded before import = 0
Number of asset objects unloaded after import = 316
========================================================================
Received Import Request.
  Time since last request: 0.000021 seconds.
  path: Assets/Imports/PolygonPirates/Prefabs/Characters/FixedScaleCharacter/Character_Skeleton_02_FixedScale.prefab
  artifactKey: Guid(c2c0f67a5016e1448a02a52083dbe372) Importer(815301076,1909f56bfc062723c751e8b465ee728b)
Start importing Assets/Imports/PolygonPirates/Prefabs/Characters/FixedScaleCharacter/Character_Skeleton_02_FixedScale.prefab using Guid(c2c0f67a5016e1448a02a52083dbe372) Importer(815301076,1909f56bfc062723c751e8b465ee728b)  -> (artifact id: '3e6006af7a7be9f501c0389b3ee2c1fa') in 0.030709 seconds
Number of updated asset objects reloaded before import = 0
Number of asset objects unloaded after import = 316
========================================================================
Received Import Request.
  Time since last request: 0.000018 seconds.
  path: Assets/Imports/PolygonPirates/Prefabs/Characters/FixedScaleCharacter/Character_Pirate_Seaman_01_FixedScale.prefab
  artifactKey: Guid(1d9176b8f001b344a913bd9f35d60494) Importer(815301076,1909f56bfc062723c751e8b465ee728b)
Start importing Assets/Imports/PolygonPirates/Prefabs/Characters/FixedScaleCharacter/Character_Pirate_Seaman_01_FixedScale.prefab using Guid(1d9176b8f001b344a913bd9f35d60494) Importer(815301076,1909f56bfc062723c751e8b465ee728b)  -> (artifact id: '8fa6888ad9a770c67496af2959702e36') in 0.024515 seconds
Number of updated asset objects reloaded before import = 0
Number of asset objects unloaded after import = 316
========================================================================
Received Prepare
Begin MonoManager ReloadAssembly
- Loaded All Assemblies, in  0.689 seconds
Refreshing native plugins compatible for Editor in 4.59 ms, found 3 plugins.
Native extension for WindowsStandalone target not found
[Package Manager] Server::EnsureServerProcessIsRunning -- launch failed, reason: Unity was launched with the -noUpm command-line argument
[Package Manager] UpmClient::Send -- Unable to send message (not connected to UPM process).
[Package Manager] Cannot connect to Unity Package Manager local server
Mono: successfully reloaded assembly
- Finished resetting the current domain, in  1.419 seconds
Domain Reload Profiling: 2104ms
	BeginReloadAssembly (232ms)
		ExecutionOrderSort (0ms)
		DisableScriptedObjects (5ms)
		BackupInstance (0ms)
		ReleaseScriptingObjects (0ms)
		CreateAndSetChildDomain (49ms)
	RebuildCommonClasses (55ms)
	RebuildNativeTypeToScriptingClass (13ms)
	initialDomainReloadingComplete (37ms)
	LoadAllAssembliesAndSetupDomain (347ms)
		LoadAssemblies (474ms)
		RebuildTransferFunctionScriptingTraits (0ms)
		AnalyzeDomain (19ms)
			TypeCache.Refresh (8ms)
				TypeCache.ScanAssembly (0ms)
			ScanForSourceGeneratedMonoScriptInfo (0ms)
			ResolveRequiredComponents (9ms)
	FinalizeReload (1420ms)
		ReleaseScriptCaches (0ms)
		RebuildScriptCaches (0ms)
		SetupLoadedEditorAssemblies (670ms)
			LogAssemblyErrors (0ms)
			InitializePlatformSupportModulesInManaged (10ms)
			SetLoadedEditorAssemblies (4ms)
			RefreshPlugins (0ms)
			BeforeProcessingInitializeOnLoad (125ms)
			ProcessInitializeOnLoadAttributes (485ms)
			ProcessInitializeOnLoadMethodAttributes (33ms)
			AfterProcessingInitializeOnLoad (12ms)
			EditorAssembliesLoaded (0ms)
		ExecutionOrderSort2 (0ms)
		AwakeInstancesAfterBackupRestoration (9ms)
Refreshing native plugins compatible for Editor in 7.12 ms, found 3 plugins.
Preloading 0 native plugins for Editor in 0.00 ms.
Unloading 3344 Unused Serialized files (Serialized files now loaded: 0)
Unloading 27 unused Assets / (102.3 KB). Loaded Objects now: 3856.
Memory consumption went from 137.7 MB to 137.6 MB.
Total: 2.966900 ms (FindLiveObjects: 0.256100 ms CreateObjectMapping: 0.204000 ms MarkObjects: 2.430500 ms  DeleteObjects: 0.075100 ms)

Prepare: number of updated asset objects reloaded= 0
AssetImportParameters requested are different than current active one (requested -> active):
  custom:container-demuxer-ogg: 62fdf1f143b41e24485cea50d1cbac27 -> 
  custom:video-decoder-ogg-theora: a1e56fd34408186e4bbccfd4996cb3dc -> 
  custom:framework-win-MediaFoundation: 216162199b28c13a410421893ffa2e32 -> 
  custom:CustomObjectIndexerAttribute: 9a22284fe3817be447336de3de66b15e -> 
  custom:container-demuxer-webm: 4f35f7cbe854078d1ac9338744f61a02 -> 
  custom:container-muxer-webm: aa71ff27fc2769a1b78a27578f13a17b -> 
  custom:video-decoder-webm-vp8: 9c59270c3fd7afecdb556c50c9e8de78 -> 
  custom:SearchIndexIgnoredProperties: e643bd26f0fe6173181afceb89e7c659 -> 
  custom:AudioImporter_EditorPlatform: d09bf68614088b80899f8185d706f6e7 -> 
  custom:video-encoder-webm-vp8: eb34c28f22e8b96e1ab97ce403110664 -> 
  custom:audio-decoder-ogg-vorbis: bf7c407c2cedff20999df2af8eb42d56 -> 
  custom:audio-encoder-webm-vorbis: bf7c407c2cedff20999df2af8eb42d56 -> 
========================================================================
Received Prepare
Begin MonoManager ReloadAssembly
- Loaded All Assemblies, in  0.616 seconds
Refreshing native plugins compatible for Editor in 4.66 ms, found 3 plugins.
Native extension for WindowsStandalone target not found
[Package Manager] Server::EnsureServerProcessIsRunning -- launch failed, reason: Unity was launched with the -noUpm command-line argument
[Package Manager] UpmClient::Send -- Unable to send message (not connected to UPM process).
[Package Manager] Cannot connect to Unity Package Manager local server
Mono: successfully reloaded assembly
- Finished resetting the current domain, in  1.366 seconds
Domain Reload Profiling: 1979ms
	BeginReloadAssembly (208ms)
		ExecutionOrderSort (0ms)
		DisableScriptedObjects (5ms)
		BackupInstance (0ms)
		ReleaseScriptingObjects (0ms)
		CreateAndSetChildDomain (55ms)
	RebuildCommonClasses (35ms)
	RebuildNativeTypeToScriptingClass (12ms)
	initialDomainReloadingComplete (35ms)
	LoadAllAssembliesAndSetupDomain (322ms)
		LoadAssemblies (409ms)
		RebuildTransferFunctionScriptingTraits (0ms)
		AnalyzeDomain (19ms)
			TypeCache.Refresh (7ms)
				TypeCache.ScanAssembly (0ms)
			ScanForSourceGeneratedMonoScriptInfo (0ms)
			ResolveRequiredComponents (9ms)
	FinalizeReload (1367ms)
		ReleaseScriptCaches (0ms)
		RebuildScriptCaches (0ms)
		SetupLoadedEditorAssemblies (676ms)
			LogAssemblyErrors (0ms)
			InitializePlatformSupportModulesInManaged (8ms)
			SetLoadedEditorAssemblies (5ms)
			RefreshPlugins (0ms)
			BeforeProcessingInitializeOnLoad (127ms)
			ProcessInitializeOnLoadAttributes (478ms)
			ProcessInitializeOnLoadMethodAttributes (45ms)
			AfterProcessingInitializeOnLoad (13ms)
			EditorAssembliesLoaded (0ms)
		ExecutionOrderSort2 (0ms)
		AwakeInstancesAfterBackupRestoration (10ms)
Refreshing native plugins compatible for Editor in 5.76 ms, found 3 plugins.
Preloading 0 native plugins for Editor in 0.00 ms.
Unloading 3345 Unused Serialized files (Serialized files now loaded: 0)
Unloading 27 unused Assets / (102.4 KB). Loaded Objects now: 3871.
Memory consumption went from 139.9 MB to 139.8 MB.
Total: 3.027600 ms (FindLiveObjects: 0.449400 ms CreateObjectMapping: 0.337400 ms MarkObjects: 2.177900 ms  DeleteObjects: 0.062100 ms)

Prepare: number of updated asset objects reloaded= 0
AssetImportParameters requested are different than current active one (requested -> active):
  custom:container-demuxer-ogg: 62fdf1f143b41e24485cea50d1cbac27 -> 
  custom:video-decoder-ogg-theora: a1e56fd34408186e4bbccfd4996cb3dc -> 
  custom:framework-win-MediaFoundation: 216162199b28c13a410421893ffa2e32 -> 
  custom:CustomObjectIndexerAttribute: 9a22284fe3817be447336de3de66b15e -> 
  custom:container-demuxer-webm: 4f35f7cbe854078d1ac9338744f61a02 -> 
  custom:container-muxer-webm: aa71ff27fc2769a1b78a27578f13a17b -> 
  custom:video-decoder-webm-vp8: 9c59270c3fd7afecdb556c50c9e8de78 -> 
  custom:SearchIndexIgnoredProperties: e643bd26f0fe6173181afceb89e7c659 -> 
  custom:AudioImporter_EditorPlatform: d09bf68614088b80899f8185d706f6e7 -> 
  custom:video-encoder-webm-vp8: eb34c28f22e8b96e1ab97ce403110664 -> 
  custom:audio-decoder-ogg-vorbis: bf7c407c2cedff20999df2af8eb42d56 -> 
  custom:audio-encoder-webm-vorbis: bf7c407c2cedff20999df2af8eb42d56 -> 
========================================================================
Received Prepare
Begin MonoManager ReloadAssembly
- Loaded All Assemblies, in  0.630 seconds
Refreshing native plugins compatible for Editor in 4.96 ms, found 3 plugins.
Native extension for WindowsStandalone target not found
[Package Manager] Server::EnsureServerProcessIsRunning -- launch failed, reason: Unity was launched with the -noUpm command-line argument
[Package Manager] UpmClient::Send -- Unable to send message (not connected to UPM process).
[Package Manager] Cannot connect to Unity Package Manager local server
Mono: successfully reloaded assembly
- Finished resetting the current domain, in  1.379 seconds
Domain Reload Profiling: 2005ms
	BeginReloadAssembly (211ms)
		ExecutionOrderSort (0ms)
		DisableScriptedObjects (7ms)
		BackupInstance (0ms)
		ReleaseScriptingObjects (0ms)
		CreateAndSetChildDomain (56ms)
	RebuildCommonClasses (44ms)
	RebuildNativeTypeToScriptingClass (11ms)
	initialDomainReloadingComplete (33ms)
	LoadAllAssembliesAndSetupDomain (327ms)
		LoadAssemblies (421ms)
		RebuildTransferFunctionScriptingTraits (0ms)
		AnalyzeDomain (20ms)
			TypeCache.Refresh (9ms)
				TypeCache.ScanAssembly (0ms)
			ScanForSourceGeneratedMonoScriptInfo (0ms)
			ResolveRequiredComponents (9ms)
	FinalizeReload (1380ms)
		ReleaseScriptCaches (0ms)
		RebuildScriptCaches (0ms)
		SetupLoadedEditorAssemblies (648ms)
			LogAssemblyErrors (0ms)
			InitializePlatformSupportModulesInManaged (9ms)
			SetLoadedEditorAssemblies (4ms)
			RefreshPlugins (0ms)
			BeforeProcessingInitializeOnLoad (127ms)
			ProcessInitializeOnLoadAttributes (468ms)
			ProcessInitializeOnLoadMethodAttributes (30ms)
			AfterProcessingInitializeOnLoad (10ms)
			EditorAssembliesLoaded (0ms)
		ExecutionOrderSort2 (0ms)
		AwakeInstancesAfterBackupRestoration (7ms)
Refreshing native plugins compatible for Editor in 4.70 ms, found 3 plugins.
Preloading 0 native plugins for Editor in 0.00 ms.
Unloading 3345 Unused Serialized files (Serialized files now loaded: 0)
Unloading 27 unused Assets / (102.4 KB). Loaded Objects now: 3886.
Memory consumption went from 141.9 MB to 141.8 MB.
Total: 4.273000 ms (FindLiveObjects: 0.714000 ms CreateObjectMapping: 0.465000 ms MarkObjects: 3.030300 ms  DeleteObjects: 0.062000 ms)

Prepare: number of updated asset objects reloaded= 0
AssetImportParameters requested are different than current active one (requested -> active):
  custom:container-demuxer-ogg: 62fdf1f143b41e24485cea50d1cbac27 -> 
  custom:video-decoder-ogg-theora: a1e56fd34408186e4bbccfd4996cb3dc -> 
  custom:framework-win-MediaFoundation: 216162199b28c13a410421893ffa2e32 -> 
  custom:CustomObjectIndexerAttribute: 9a22284fe3817be447336de3de66b15e -> 
  custom:container-demuxer-webm: 4f35f7cbe854078d1ac9338744f61a02 -> 
  custom:container-muxer-webm: aa71ff27fc2769a1b78a27578f13a17b -> 
  custom:video-decoder-webm-vp8: 9c59270c3fd7afecdb556c50c9e8de78 -> 
  custom:SearchIndexIgnoredProperties: e643bd26f0fe6173181afceb89e7c659 -> 
  custom:AudioImporter_EditorPlatform: d09bf68614088b80899f8185d706f6e7 -> 
  custom:video-encoder-webm-vp8: eb34c28f22e8b96e1ab97ce403110664 -> 
  custom:audio-decoder-ogg-vorbis: bf7c407c2cedff20999df2af8eb42d56 -> 
  custom:audio-encoder-webm-vorbis: bf7c407c2cedff20999df2af8eb42d56 -> 
